# JRE version: Java(TM) SE Runtime Environment (8.0_73-b02) (build 1.8.0_73-b02)
# Java VM: Java HotSpot(TM) Client VM (25.73-b02 mixed mode windows-x86 )
Heap:
 def new generation   total 4928K, used 3706K [0x04000000, 0x04550000, 0x09550000)
  eden space 4416K,  72% used [0x04000000, 0x0431eb18, 0x04450000)
  from space 512K, 100% used [0x04450000, 0x044d0000, 0x044d0000)
  to   space 512K,   0% used [0x044d0000, 0x044d0000, 0x04550000)
 tenured generation   total 10944K, used 5283K [0x09550000, 0x0a000000, 0x14000000)
   the space 10944K,  48% used [0x09550000, 0x09a78f50, 0x09a79000, 0x0a000000)
 Metaspace       used 7498K, capacity 7557K, committed 7680K, reserved 8576K
GC Heap History (10 events):
Event: 2.436 GC heap before
{Heap before GC invocations=2 (full 0):
 def new generation   total 4928K, used 4928K [0x04000000, 0x04550000, 0x09550000)
  eden space 4416K, 100% used [0x04000000, 0x04450000, 0x04450000)
  from space 512K, 100% used [0x04450000, 0x044d0000, 0x044d0000)
  to   space 512K,   0% used [0x044d0000, 0x044d0000, 0x04550000)
 tenured generation   total 10944K, used 1632K [0x09550000, 0x0a000000, 0x14000000)
   the space 10944K,  14% used [0x09550000, 0x096e8298, 0x096e8400, 0x0a000000)
 Metaspace       used 5385K, capacity 5440K, committed 5504K, reserved 5504K
Event: 2.442 GC heap after
Heap after GC invocations=3 (full 0):
 def new generation   total 4928K, used 491K [0x04000000, 0x04550000, 0x09550000)
  eden space 4416K,   0% used [0x04000000, 0x04000000, 0x04450000)
  from space 512K,  95% used [0x044d0000, 0x0454aca0, 0x04550000)
  to   space 512K,   0% used [0x04450000, 0x04450000, 0x044d0000)
 tenured generation   total 10944K, used 1950K [0x09550000, 0x0a000000, 0x14000000)
   the space 10944K,  17% used [0x09550000, 0x09737908, 0x09737a00, 0x0a000000)
 Metaspace       used 5385K, capacity 5440K, committed 5504K, reserved 5504K
}
Event: 2.701 GC heap before
{Heap before GC invocations=3 (full 0):
 def new generation   total 4928K, used 4907K [0x04000000, 0x04550000, 0x09550000)
  eden space 4416K, 100% used [0x04000000, 0x04450000, 0x04450000)
  from space 512K,  95% used [0x044d0000, 0x0454aca0, 0x04550000)
  to   space 512K,   0% used [0x04450000, 0x04450000, 0x044d0000)
 tenured generation   total 10944K, used 1950K [0x09550000, 0x0a000000, 0x14000000)
   the space 10944K,  17% used [0x09550000, 0x09737908, 0x09737a00, 0x0a000000)
 Metaspace       used 5735K, capacity 5797K, committed 5888K, reserved 6528K
Event: 2.707 GC heap after
Heap after GC invocations=4 (full 0):
 def new generation   total 4928K, used 512K [0x04000000, 0x04550000, 0x09550000)
  eden space 4416K,   0% used [0x04000000, 0x04000000, 0x04450000)
  from space 512K, 100% used [0x04450000, 0x044d0000, 0x044d0000)
  to   space 512K,   0% used [0x044d0000, 0x044d0000, 0x04550000)
 tenured generation   total 10944K, used 2125K [0x09550000, 0x0a000000, 0x14000000)
   the space 10944K,  19% used [0x09550000, 0x09763450, 0x09763600, 0x0a000000)
 Metaspace       used 5735K, capacity 5797K, committed 5888K, reserved 6528K
}
Event: 2.978 GC heap before
{Heap before GC invocations=4 (full 0):
 def new generation   total 4928K, used 4928K [0x04000000, 0x04550000, 0x09550000)
  eden space 4416K, 100% used [0x04000000, 0x04450000, 0x04450000)
  from space 512K, 100% used [0x04450000, 0x044d0000, 0x044d0000)
  to   space 512K,   0% used [0x044d0000, 0x044d0000, 0x04550000)
 tenured generation   total 10944K, used 2125K [0x09550000, 0x0a000000, 0x14000000)
   the space 10944K,  19% used [0x09550000, 0x09763450, 0x09763600, 0x0a000000)
 Metaspace       used 6137K, capacity 6181K, committed 6272K, reserved 6528K
Event: 2.984 GC heap after
Heap after GC invocations=5 (full 0):
 def new generation   total 4928K, used 492K [0x04000000, 0x04550000, 0x09550000)
  eden space 4416K,   0% used [0x04000000, 0x04000000, 0x04450000)
  from space 512K,  96% used [0x044d0000, 0x0454b2d0, 0x04550000)
  to   space 512K,   0% used [0x04450000, 0x04450000, 0x044d0000)
 tenured generation   total 10944K, used 2268K [0x09550000, 0x0a000000, 0x14000000)
   the space 10944K,  20% used [0x09550000, 0x09787350, 0x09787400, 0x0a000000)
 Metaspace       used 6137K, capacity 6181K, committed 6272K, reserved 6528K
}
Event: 3.329 GC heap before
{Heap before GC invocations=5 (full 0):
 def new generation   total 4928K, used 4908K [0x04000000, 0x04550000, 0x09550000)
  eden space 4416K, 100% used [0x04000000, 0x04450000, 0x04450000)
  from space 512K,  96% used [0x044d0000, 0x0454b2d0, 0x04550000)
  to   space 512K,   0% used [0x04450000, 0x04450000, 0x044d0000)
 tenured generation   total 10944K, used 2268K [0x09550000, 0x0a000000, 0x14000000)
   the space 10944K,  20% used [0x09550000, 0x09787350, 0x09787400, 0x0a000000)
 Metaspace       used 6473K, capacity 6533K, committed 6656K, reserved 7552K
Event: 3.335 GC heap after
Heap after GC invocations=6 (full 0):
 def new generation   total 4928K, used 511K [0x04000000, 0x04550000, 0x09550000)
  eden space 4416K,   0% used [0x04000000, 0x04000000, 0x04450000)
  from space 512K,  99% used [0x04450000, 0x044cfff8, 0x044d0000)
  to   space 512K,   0% used [0x044d0000, 0x044d0000, 0x04550000)
 tenured generation   total 10944K, used 2465K [0x09550000, 0x0a000000, 0x14000000)
   the space 10944K,  22% used [0x09550000, 0x097b8490, 0x097b8600, 0x0a000000)
 Metaspace       used 6473K, capacity 6533K, committed 6656K, reserved 7552K
}
Event: 3.572 GC heap before
{Heap before GC invocations=6 (full 0):
 def new generation   total 4928K, used 4923K [0x04000000, 0x04550000, 0x09550000)
  eden space 4416K,  99% used [0x04000000, 0x0444eed8, 0x04450000)
  from space 512K,  99% used [0x04450000, 0x044cfff8, 0x044d0000)
  to   space 512K,   0% used [0x044d0000, 0x044d0000, 0x04550000)
 tenured generation   total 10944K, used 2473K [0x09550000, 0x0a000000, 0x14000000)
   the space 10944K,  22% used [0x09550000, 0x097ba4a0, 0x097ba600, 0x0a000000)
 Metaspace       used 6806K, capacity 6853K, committed 6912K, reserved 7552K
Event: 3.581 GC heap after
Heap after GC invocations=7 (full 0):
 def new generation   total 4928K, used 512K [0x04000000, 0x04550000, 0x09550000)
  eden space 4416K,   0% used [0x04000000, 0x04000000, 0x04450000)
  from space 512K, 100% used [0x044d0000, 0x04550000, 0x04550000)
  to   space 512K,   0% used [0x04450000, 0x04450000, 0x044d0000)
 tenured generation   total 10944K, used 2989K [0x09550000, 0x0a000000, 0x14000000)
   the space 10944K,  27% used [0x09550000, 0x0983b4e8, 0x0983b600, 0x0a000000)
 Metaspace       used 6806K, capacity 6853K, committed 6912K, reserved 7552K
}

